<?xml version="1.0" encoding="UTF-8"?>
<testng-results ignored="0" total="1" passed="1" failed="0" skipped="0">
  <reporter-output>
  </reporter-output>
  <suite started-at="2023-03-04T10:23:41 IST" name="signIn" finished-at="2023-03-04T10:24:13 IST" duration-ms="32064">
    <groups>
    </groups>
    <test started-at="2023-03-04T10:23:41 IST" name="TVS_Login_Page_TestCase" finished-at="2023-03-04T10:24:13 IST" duration-ms="32064">
      <class name="TestCase.TVS_Login_Page_TestCase">
        <test-method is-config="true" signature="beforeClass()[pri:0, instance:TestCase.TVS_Login_Page_TestCase@4f6ee6e4]" started-at="2023-03-04T10:23:41 IST" name="beforeClass" finished-at="2023-03-04T10:23:41 IST" duration-ms="58" status="PASS">
          <reporter-output>
          </reporter-output>
        </test-method> <!-- beforeClass -->
        <test-method is-config="true" signature="setup(java.lang.String,java.lang.String)[pri:0, instance:TestCase.TVS_Login_Page_TestCase@4f6ee6e4]" started-at="2023-03-04T10:23:41 IST" name="setup" finished-at="2023-03-04T10:24:12 IST" duration-ms="31608" status="PASS">
          <params>
            <param index="0">
              <value>
                <![CDATA[chrome]]>
              </value>
            </param>
            <param index="1">
              <value>
                <![CDATA[http://www.google.com]]>
              </value>
            </param>
          </params>
          <reporter-output>
          </reporter-output>
        </test-method> <!-- setup -->
        <test-method signature="Valid_Data()[pri:1, instance:TestCase.TVS_Login_Page_TestCase@4f6ee6e4]" started-at="2023-03-04T10:24:12 IST" name="Valid_Data" finished-at="2023-03-04T10:24:13 IST" duration-ms="242" status="PASS">
          <reporter-output>
          </reporter-output>
        </test-method> <!-- Valid_Data -->
      </class> <!-- TestCase.TVS_Login_Page_TestCase -->
    </test> <!-- TVS_Login_Page_TestCase -->
  </suite> <!-- signIn -->
</testng-results>
